current device is cuda
########## EPOCH: 0 ##########
Epoch [1/50], Loss: 2.140078067779541
Epoch [1/50], Loss: 0.7671912908554077
Epoch [1/50], Loss: 0.7778006792068481
Epoch [1/50], Loss: 0.8402466773986816
Epoch [1/50], Loss: 0.7833756804466248
Epoch [1/50], Loss: 0.6404899954795837
Epoch [1/50], Loss: 0.6909536719322205
Epoch [1/50], Loss: 0.8209821581840515
Epoch [1/50], Loss: 0.7914127111434937
Epoch [1/50], Loss: 0.7035457491874695
Epoch [1/50], Loss: 0.7633086442947388
Epoch [1/50], Loss: 0.7783047556877136
Epoch [1/50], Loss: 0.7707849144935608
Epoch [1/50], Loss: 0.906817615032196
Epoch [1/50], Loss: 0.8112708330154419
Epoch [1/50], Loss: 0.7330365180969238
Epoch [1/50], Loss: 0.7901083827018738
Epoch [1/50], Loss: 0.795259952545166
Epoch [1/50], Loss: 0.7799823880195618
Epoch [1/50], Loss: 0.6100038886070251
Epoch [1/50], Loss: 0.6942570805549622
Epoch [1/50], Loss: 0.9483902454376221
Epoch [1/50], Average Loss: 0.770873439041051
Validation metrics: {'precision': 0.0, 'recall': 0.0, 'f1': 0.0, 'accuracy': 0.8325026284023208}
########## EPOCH: 1 ##########
Epoch [2/50], Loss: 0.76076340675354
Epoch [2/50], Loss: 0.7520326375961304
Epoch [2/50], Loss: 0.7499741911888123
Epoch [2/50], Loss: 0.6465217471122742
Epoch [2/50], Loss: 0.7167864441871643
Epoch [2/50], Loss: 0.7441702485084534
Epoch [2/50], Loss: 0.7356496453285217
Epoch [2/50], Loss: 0.6610825061798096
Epoch [2/50], Loss: 0.6991849541664124
Epoch [2/50], Loss: 0.6864665150642395
Epoch [2/50], Loss: 0.6741343140602112
Epoch [2/50], Loss: 0.6248630285263062
Epoch [2/50], Loss: 0.5310366749763489
Epoch [2/50], Loss: 0.5265204310417175
Epoch [2/50], Loss: 0.5872980356216431
Epoch [2/50], Loss: 0.5484277606010437
Epoch [2/50], Loss: 0.43330562114715576
Epoch [2/50], Loss: 0.4546171724796295
Epoch [2/50], Loss: 0.5763151049613953
Epoch [2/50], Loss: 0.47260987758636475
Epoch [2/50], Loss: 0.38974156975746155
Epoch [2/50], Loss: 0.4198874831199646
Epoch [2/50], Average Loss: 0.6049384302713654
Validation metrics: {'precision': 0.4380616740088106, 'recall': 0.41837765062268595, 'f1': 0.427993457863476, 'accuracy': 0.8878158950196643}
New best model saved with accuracy: 0.4280
########## EPOCH: 2 ##########
Epoch [3/50], Loss: 0.3722216486930847
Epoch [3/50], Loss: 0.43446075916290283
Epoch [3/50], Loss: 0.3502627909183502
Epoch [3/50], Loss: 0.37274888157844543
Epoch [3/50], Loss: 0.33441853523254395
Epoch [3/50], Loss: 0.2731030285358429
Epoch [3/50], Loss: 0.320468544960022
Epoch [3/50], Loss: 0.24720406532287598
Epoch [3/50], Loss: 0.24596600234508514
Epoch [3/50], Loss: 0.186651349067688
Epoch [3/50], Loss: 0.2574847340583801
Epoch [3/50], Loss: 0.2944715917110443
Epoch [3/50], Loss: 0.2518535256385803
Epoch [3/50], Loss: 0.2110852748155594
Epoch [3/50], Loss: 0.2124105989933014
Epoch [3/50], Loss: 0.20617347955703735
Epoch [3/50], Loss: 0.3460317552089691
Epoch [3/50], Loss: 0.2591853439807892
Epoch [3/50], Loss: 0.2811562716960907
Epoch [3/50], Loss: 0.23314720392227173
Epoch [3/50], Loss: 0.18837860226631165
Epoch [3/50], Loss: 0.2299008071422577
Epoch [3/50], Average Loss: 0.273491741378199
Validation metrics: {'precision': 0.6590389016018307, 'recall': 0.6300908784920902, 'f1': 0.6442398692248128, 'accuracy': 0.9293446516880184}
New best model saved with accuracy: 0.6442
########## EPOCH: 3 ##########
Epoch [4/50], Loss: 0.17309033870697021
Epoch [4/50], Loss: 0.17439626157283783
Epoch [4/50], Loss: 0.14316704869270325
Epoch [4/50], Loss: 0.1817074567079544
Epoch [4/50], Loss: 0.1355503499507904
Epoch [4/50], Loss: 0.16640788316726685
Epoch [4/50], Loss: 0.11876557767391205
Epoch [4/50], Loss: 0.16026116907596588
Epoch [4/50], Loss: 0.17536410689353943
Epoch [4/50], Loss: 0.1491631716489792
Epoch [4/50], Loss: 0.1518903374671936
Epoch [4/50], Loss: 0.21206602454185486
Epoch [4/50], Loss: 0.17324517667293549
Epoch [4/50], Loss: 0.15614911913871765
Epoch [4/50], Loss: 0.16389115154743195
Epoch [4/50], Loss: 0.18017394840717316
Epoch [4/50], Loss: 0.2033863067626953
Epoch [4/50], Loss: 0.15963999927043915
Epoch [4/50], Loss: 0.20405326783657074
Epoch [4/50], Loss: 0.18626393377780914
Epoch [4/50], Loss: 0.17725349962711334
Epoch [4/50], Loss: 0.1760980784893036
Epoch [4/50], Average Loss: 0.16386922276155516
Validation metrics: {'precision': 0.7178226514486391, 'recall': 0.6879838438236284, 'f1': 0.702586577296554, 'accuracy': 0.9407733343717145}
New best model saved with accuracy: 0.7026
########## EPOCH: 4 ##########
Epoch [5/50], Loss: 0.1031607910990715
Epoch [5/50], Loss: 0.09421406686306
Epoch [5/50], Loss: 0.11372758448123932
Epoch [5/50], Loss: 0.0946481004357338
Epoch [5/50], Loss: 0.10517200827598572
Epoch [5/50], Loss: 0.0834200382232666
Epoch [5/50], Loss: 0.09687679260969162
Epoch [5/50], Loss: 0.12476880103349686
Epoch [5/50], Loss: 0.11666230857372284
Epoch [5/50], Loss: 0.08120682090520859
Epoch [5/50], Loss: 0.09885257482528687
Epoch [5/50], Loss: 0.09930416196584702
Epoch [5/50], Loss: 0.12242016941308975
Epoch [5/50], Loss: 0.12089484930038452
Epoch [5/50], Loss: 0.09927255660295486
Epoch [5/50], Loss: 0.09739111363887787
Epoch [5/50], Loss: 0.16022300720214844
Epoch [5/50], Loss: 0.11518662422895432
Epoch [5/50], Loss: 0.09316607564687729
Epoch [5/50], Loss: 0.10791841894388199
Epoch [5/50], Loss: 0.12595346570014954
Epoch [5/50], Loss: 0.1575595736503601
Epoch [5/50], Average Loss: 0.11085543971170078
Validation metrics: {'precision': 0.7375849451123889, 'recall': 0.7123864018848872, 'f1': 0.724766715178495, 'accuracy': 0.9451734745531716}
New best model saved with accuracy: 0.7248
########## EPOCH: 5 ##########
Epoch [6/50], Loss: 0.07141227275133133
Epoch [6/50], Loss: 0.05832516774535179
Epoch [6/50], Loss: 0.06533312052488327
Epoch [6/50], Loss: 0.05788049101829529
Epoch [6/50], Loss: 0.0985724925994873
Epoch [6/50], Loss: 0.08274049311876297
Epoch [6/50], Loss: 0.06696196645498276
Epoch [6/50], Loss: 0.07173782587051392
Epoch [6/50], Loss: 0.08209395408630371
Epoch [6/50], Loss: 0.08452575653791428
Epoch [6/50], Loss: 0.06359309703111649
Epoch [6/50], Loss: 0.09902111440896988
Epoch [6/50], Loss: 0.0749991238117218
Epoch [6/50], Loss: 0.060736555606126785
Epoch [6/50], Loss: 0.08001817762851715
Epoch [6/50], Loss: 0.08899885416030884
Epoch [6/50], Loss: 0.09630894660949707
Epoch [6/50], Loss: 0.07382641732692719
Epoch [6/50], Loss: 0.10692066699266434
Epoch [6/50], Loss: 0.06064822897315025
Epoch [6/50], Loss: 0.08741208910942078
Epoch [6/50], Loss: 0.1232011541724205
Epoch [6/50], Average Loss: 0.07855808787386526
Validation metrics: {'precision': 0.7255700325732899, 'recall': 0.7497475597441938, 'f1': 0.7374606853170004, 'accuracy': 0.9469841517074881}
New best model saved with accuracy: 0.7375
########## EPOCH: 6 ##########
Epoch [7/50], Loss: 0.06316190958023071
Epoch [7/50], Loss: 0.07035128772258759
Epoch [7/50], Loss: 0.04165225476026535
Epoch [7/50], Loss: 0.08690696954727173
Epoch [7/50], Loss: 0.06416232883930206
Epoch [7/50], Loss: 0.04026193171739578
Epoch [7/50], Loss: 0.05698612704873085
Epoch [7/50], Loss: 0.039849311113357544
Epoch [7/50], Loss: 0.048747479915618896
Epoch [7/50], Loss: 0.04874759167432785
Epoch [7/50], Loss: 0.056810759007930756
Epoch [7/50], Loss: 0.05538986623287201
Epoch [7/50], Loss: 0.038676463067531586
Epoch [7/50], Loss: 0.07626032829284668
Epoch [7/50], Loss: 0.05221562460064888
Epoch [7/50], Loss: 0.05804404616355896
Epoch [7/50], Loss: 0.07075275480747223
Epoch [7/50], Loss: 0.06674830615520477
Epoch [7/50], Loss: 0.05653347447514534
Epoch [7/50], Loss: 0.05562005937099457
Epoch [7/50], Loss: 0.06401828676462173
Epoch [7/50], Loss: 0.07379105687141418
Epoch [7/50], Average Loss: 0.056454101560468026
Validation metrics: {'precision': 0.723074385617681, 'recall': 0.7377987209693706, 'f1': 0.7303623490212412, 'accuracy': 0.9473735446439001}
########## EPOCH: 7 ##########
Epoch [8/50], Loss: 0.025926582515239716
Epoch [8/50], Loss: 0.052624382078647614
Epoch [8/50], Loss: 0.03713008016347885
Epoch [8/50], Loss: 0.03774615004658699
Epoch [8/50], Loss: 0.028208713978528976
Epoch [8/50], Loss: 0.04231297969818115
Epoch [8/50], Loss: 0.039714738726615906
Epoch [8/50], Loss: 0.031123580411076546
Epoch [8/50], Loss: 0.03789234533905983
Epoch [8/50], Loss: 0.03952846676111221
Epoch [8/50], Loss: 0.034605998545885086
Epoch [8/50], Loss: 0.05237654224038124
Epoch [8/50], Loss: 0.049116820096969604
Epoch [8/50], Loss: 0.030523646622896194
Epoch [8/50], Loss: 0.05142797529697418
Epoch [8/50], Loss: 0.042922526597976685
Epoch [8/50], Loss: 0.03327249735593796
Epoch [8/50], Loss: 0.03773798048496246
Epoch [8/50], Loss: 0.03379905968904495
Epoch [8/50], Loss: 0.03587304428219795
Epoch [8/50], Loss: 0.041538503021001816
Epoch [8/50], Loss: 0.06131044030189514
Epoch [8/50], Average Loss: 0.043160998160866174
Validation metrics: {'precision': 0.7287630402384501, 'recall': 0.7406597105351733, 'f1': 0.7346632167598698, 'accuracy': 0.9455823371364044}
########## EPOCH: 8 ##########
Epoch [9/50], Loss: 0.040721166878938675
Epoch [9/50], Loss: 0.027892611920833588
Epoch [9/50], Loss: 0.02226770482957363
Epoch [9/50], Loss: 0.02193695306777954
Epoch [9/50], Loss: 0.03557615354657173
Epoch [9/50], Loss: 0.03684072569012642
Epoch [9/50], Loss: 0.03783620893955231
Epoch [9/50], Loss: 0.025025947019457817
Epoch [9/50], Loss: 0.01619124226272106
Epoch [9/50], Loss: 0.04989682510495186
Epoch [9/50], Loss: 0.01710568554699421
Epoch [9/50], Loss: 0.009446587413549423
Epoch [9/50], Loss: 0.026850730180740356
Epoch [9/50], Loss: 0.02744987979531288
Epoch [9/50], Loss: 0.033344198018312454
Epoch [9/50], Loss: 0.052171897143125534
Epoch [9/50], Loss: 0.02913096360862255
Epoch [9/50], Loss: 0.018956180661916733
Epoch [9/50], Loss: 0.038394272327423096
Epoch [9/50], Loss: 0.021170878782868385
Epoch [9/50], Loss: 0.0325406976044178
Epoch [9/50], Loss: 0.03919073939323425
Epoch [9/50], Average Loss: 0.03155610056763346
Validation metrics: {'precision': 0.7683098591549296, 'recall': 0.7344328508919555, 'f1': 0.750989502667355, 'accuracy': 0.9481912698103656}
New best model saved with accuracy: 0.7510
########## EPOCH: 9 ##########
Epoch [10/50], Loss: 0.02508847415447235
Epoch [10/50], Loss: 0.020998042076826096
Epoch [10/50], Loss: 0.015994222834706306
Epoch [10/50], Loss: 0.011720488779246807
Epoch [10/50], Loss: 0.02491077221930027
Epoch [10/50], Loss: 0.02472030743956566
Epoch [10/50], Loss: 0.014593765139579773
Epoch [10/50], Loss: 0.038391221314668655
Epoch [10/50], Loss: 0.02686609886586666
Epoch [10/50], Loss: 0.02582014724612236
Epoch [10/50], Loss: 0.02550498954951763
Epoch [10/50], Loss: 0.03208165243268013
Epoch [10/50], Loss: 0.02369070053100586
Epoch [10/50], Loss: 0.0184129998087883
Epoch [10/50], Loss: 0.018993956968188286
Epoch [10/50], Loss: 0.029091225937008858
Epoch [10/50], Loss: 0.027961043640971184
Epoch [10/50], Loss: 0.01735544390976429
Epoch [10/50], Loss: 0.0334407277405262
Epoch [10/50], Loss: 0.02820209413766861
Epoch [10/50], Loss: 0.03247078135609627
Epoch [10/50], Loss: 0.04436802864074707
Epoch [10/50], Average Loss: 0.02765677224590697
Validation metrics: {'precision': 0.756578947368421, 'recall': 0.7354426119151801, 'f1': 0.7458610684417136, 'accuracy': 0.9480355126358008}
########## EPOCH: 10 ##########
Epoch [11/50], Loss: 0.01562657579779625
Epoch [11/50], Loss: 0.021054331213235855
Epoch [11/50], Loss: 0.030078943818807602
Epoch [11/50], Loss: 0.012767273932695389
Epoch [11/50], Loss: 0.02424531988799572
Epoch [11/50], Loss: 0.020362555980682373
Epoch [11/50], Loss: 0.017501574009656906
Epoch [11/50], Loss: 0.02161233313381672
Epoch [11/50], Loss: 0.048542674630880356
Epoch [11/50], Loss: 0.04500708356499672
Epoch [11/50], Loss: 0.033814284950494766
Epoch [11/50], Loss: 0.0302125196903944
Epoch [11/50], Loss: 0.020549114793539047
Epoch [11/50], Loss: 0.019260307773947716
Epoch [11/50], Loss: 0.02996223047375679
Epoch [11/50], Loss: 0.021450897678732872
Epoch [11/50], Loss: 0.05348528176546097
Epoch [11/50], Loss: 0.025081725791096687
Epoch [11/50], Loss: 0.014870664104819298
Epoch [11/50], Loss: 0.011434409767389297
Epoch [11/50], Loss: 0.02049713395535946
Epoch [11/50], Loss: 0.026921346783638
Epoch [11/50], Average Loss: 0.023594308058223264
Validation metrics: {'precision': 0.7698119838341241, 'recall': 0.7372938404577584, 'f1': 0.7532020974813032, 'accuracy': 0.9488532378022663}
New best model saved with accuracy: 0.7532
########## EPOCH: 11 ##########
Epoch [12/50], Loss: 0.012070984579622746
Epoch [12/50], Loss: 0.023439768701791763
Epoch [12/50], Loss: 0.013537903316318989
Epoch [12/50], Loss: 0.012517939321696758
Epoch [12/50], Loss: 0.011418006382882595
Epoch [12/50], Loss: 0.032435059547424316
Epoch [12/50], Loss: 0.024869592860341072
Epoch [12/50], Loss: 0.019817320629954338
Epoch [12/50], Loss: 0.020965605974197388
Epoch [12/50], Loss: 0.010133462026715279
Epoch [12/50], Loss: 0.017962563782930374
Epoch [12/50], Loss: 0.031195875257253647
Epoch [12/50], Loss: 0.024188436567783356
Epoch [12/50], Loss: 0.010616160929203033
Epoch [12/50], Loss: 0.013505032286047935
Epoch [12/50], Loss: 0.008121960796415806
Epoch [12/50], Loss: 0.014682301320135593
Epoch [12/50], Loss: 0.023265395313501358
Epoch [12/50], Loss: 0.01734568178653717
Epoch [12/50], Loss: 0.015285296365618706
Epoch [12/50], Loss: 0.01405019499361515
Epoch [12/50], Loss: 0.016495356336236
Epoch [12/50], Average Loss: 0.01886082994751632
Validation metrics: {'precision': 0.7698343504795118, 'recall': 0.7430158195893638, 'f1': 0.7561873768947502, 'accuracy': 0.949709902262373}
New best model saved with accuracy: 0.7562
########## EPOCH: 12 ##########
Epoch [13/50], Loss: 0.009302166290581226
Epoch [13/50], Loss: 0.019360210746526718
Epoch [13/50], Loss: 0.0142629100009799
Epoch [13/50], Loss: 0.0167173370718956
Epoch [13/50], Loss: 0.01334280427545309
Epoch [13/50], Loss: 0.016667895019054413
Epoch [13/50], Loss: 0.01866489090025425
Epoch [13/50], Loss: 0.012550399638712406
Epoch [13/50], Loss: 0.004684573970735073
Epoch [13/50], Loss: 0.011853761970996857
Epoch [13/50], Loss: 0.01143513061106205
Epoch [13/50], Loss: 0.013439379632472992
Epoch [13/50], Loss: 0.012576146982610226
Epoch [13/50], Loss: 0.013969963416457176
Epoch [13/50], Loss: 0.010932033881545067
Epoch [13/50], Loss: 0.021254895254969597
Epoch [13/50], Loss: 0.013868349604308605
Epoch [13/50], Loss: 0.010480532422661781
Epoch [13/50], Loss: 0.024848755449056625
Epoch [13/50], Loss: 0.023259475827217102
Epoch [13/50], Loss: 0.028190968558192253
Epoch [13/50], Loss: 0.022021329030394554
Epoch [13/50], Average Loss: 0.017144468013959174
Validation metrics: {'precision': 0.7688627162311373, 'recall': 0.703130259171996, 'f1': 0.7345288326300985, 'accuracy': 0.944706203029477}
########## EPOCH: 13 ##########
